  Game.cpp
C:\Users\eoini\source\Repo\Chapter11\Game.cpp(47,38): warning C4244: 'argument': conversion from 'float' to 'int', possible loss of data
C:\Users\eoini\source\Repo\Chapter11\Game.cpp(47,29): warning C4244: 'argument': conversion from 'float' to 'int', possible loss of data
C:\Users\eoini\source\Repo\Chapter11\Game.cpp(55,23): warning C4244: '=': conversion from 'Uint32' to 'float', possible loss of data
C:\Users\eoini\source\Repo\Chapter11\Game.cpp(190,3): warning C4150: deletion of pointer to incomplete type 'Actor'; no destructor called
C:\Users\eoini\source\Repo\Chapter11\Game.h(19,22): message : see declaration of 'Actor'
  PauseMenu.cpp
C:\Users\eoini\source\Repo\Chapter11\PauseMenu.cpp(19,61): warning C4244: 'argument': conversion from 'int' to 'float', possible loss of data
C:\Users\eoini\source\Repo\Chapter11\PauseMenu.cpp(19,57): warning C4244: 'argument': conversion from 'int' to 'float', possible loss of data
C:\Users\eoini\source\Repo\Chapter11\PauseMenu.cpp(21,52): warning C4244: 'argument': conversion from 'int' to 'float', possible loss of data
C:\Users\eoini\source\Repo\Chapter11\PauseMenu.cpp(21,48): warning C4244: 'argument': conversion from 'int' to 'float', possible loss of data
  Renderer.cpp
C:\Users\eoini\source\Repo\Chapter11\Renderer.cpp(155,86): warning C4244: 'argument': conversion from 'int' to 'float', possible loss of data
C:\Users\eoini\source\Repo\Chapter11\Renderer.cpp(155,71): warning C4244: 'argument': conversion from 'int' to 'float', possible loss of data
  Shader.cpp
  Text.cpp
  Texture.cpp
  UIScreen.cpp
C:\Users\eoini\source\Repo\Chapter11\UIScreen.cpp(31,16): warning C4838: conversion from 'int' to 'float' requires a narrowing conversion
C:\Users\eoini\source\Repo\Chapter11\UIScreen.cpp(31,16): warning C4244: 'initializing': conversion from 'int' to 'float', possible loss of data
C:\Users\eoini\source\Repo\Chapter11\UIScreen.cpp(32,23): warning C4838: conversion from 'int' to 'float' requires a narrowing conversion
C:\Users\eoini\source\Repo\Chapter11\UIScreen.cpp(32,23): warning C4244: 'initializing': conversion from 'int' to 'float', possible loss of data
C:\Users\eoini\source\Repo\Chapter11\UIScreen.cpp(86,46): warning C4244: '-=': conversion from 'double' to 'int', possible loss of data
C:\Users\eoini\source\Repo\Chapter11\UIScreen.cpp(87,47): warning C4244: '-=': conversion from 'float' to 'int', possible loss of data
C:\Users\eoini\source\Repo\Chapter11\UIScreen.cpp(91,35): warning C4244: 'argument': conversion from 'int' to 'float', possible loss of data
C:\Users\eoini\source\Repo\Chapter11\UIScreen.cpp(91,32): warning C4244: 'argument': conversion from 'int' to 'float', possible loss of data
  VertexArray.cpp
  Generating Code...
SOIL.lib(image_DXT.obj) : warning LNK4099: PDB '' was not found with 'SOIL.lib(image_DXT.obj)' or at ''; linking object as if no debug info
SOIL.lib(image_helper.obj) : warning LNK4099: PDB '' was not found with 'SOIL.lib(image_helper.obj)' or at ''; linking object as if no debug info
SOIL.lib(SOIL.obj) : warning LNK4099: PDB '' was not found with 'SOIL.lib(SOIL.obj)' or at ''; linking object as if no debug info
SOIL.lib(stb_image_aug.obj) : warning LNK4099: PDB '' was not found with 'SOIL.lib(stb_image_aug.obj)' or at ''; linking object as if no debug info
  Game.vcxproj -> C:\Users\eoini\source\Repo\Chapter11\Debug\Game.exe
  C:\Users\eoini\source\Repo\Chapter11\\..\external\SDL\lib\win\x86\libfreetype-6.dll
  C:\Users\eoini\source\Repo\Chapter11\\..\external\SDL\lib\win\x86\libogg-0.dll
  C:\Users\eoini\source\Repo\Chapter11\\..\external\SDL\lib\win\x86\libpng16-16.dll
  C:\Users\eoini\source\Repo\Chapter11\\..\external\SDL\lib\win\x86\libvorbis-0.dll
  C:\Users\eoini\source\Repo\Chapter11\\..\external\SDL\lib\win\x86\libvorbisfile-3.dll
  C:\Users\eoini\source\Repo\Chapter11\\..\external\SDL\lib\win\x86\SDL2.dll
  C:\Users\eoini\source\Repo\Chapter11\\..\external\SDL\lib\win\x86\SDL2_image.dll
  C:\Users\eoini\source\Repo\Chapter11\\..\external\SDL\lib\win\x86\SDL2_mixer.dll
  C:\Users\eoini\source\Repo\Chapter11\\..\external\SDL\lib\win\x86\SDL2_ttf.dll
  C:\Users\eoini\source\Repo\Chapter11\\..\external\SDL\lib\win\x86\zlib1.dll
  10 File(s) copied
  C:\Users\eoini\source\Repo\Chapter11\\..\external\GLEW\lib\win\x86\glew32.dll
  1 File(s) copied
  C:\Program Files (x86)\FMOD SoundSystem\FMOD Studio API Windows\api\lowlevel\lib\fmod.dll
  C:\Program Files (x86)\FMOD SoundSystem\FMOD Studio API Windows\api\lowlevel\lib\fmod64.dll
  C:\Program Files (x86)\FMOD SoundSystem\FMOD Studio API Windows\api\lowlevel\lib\fmodL.dll
  C:\Program Files (x86)\FMOD SoundSystem\FMOD Studio API Windows\api\lowlevel\lib\fmodL64.dll
  4 File(s) copied
  C:\Program Files (x86)\FMOD SoundSystem\FMOD Studio API Windows\api\studio\lib\fmodstudio.dll
  C:\Program Files (x86)\FMOD SoundSystem\FMOD Studio API Windows\api\studio\lib\fmodstudio64.dll
  C:\Program Files (x86)\FMOD SoundSystem\FMOD Studio API Windows\api\studio\lib\fmodstudioL.dll
  C:\Program Files (x86)\FMOD SoundSystem\FMOD Studio API Windows\api\studio\lib\fmodstudioL64.dll
  4 File(s) copied
