  Pacman.cpp
C:\Users\eoini\source\repos\Project8\Project8\Pacman.cpp(52,15): warning C4244: '+=': conversion from 'float' to 'int', possible loss of data
C:\Users\eoini\source\repos\Project8\Project8\Pacman.cpp(56,15): warning C4244: '-=': conversion from 'float' to 'int', possible loss of data
C:\Users\eoini\source\repos\Project8\Project8\Pacman.cpp(60,16): warning C4244: '+=': conversion from 'float' to 'int', possible loss of data
C:\Users\eoini\source\repos\Project8\Project8\Pacman.cpp(64,16): warning C4244: '-=': conversion from 'float' to 'int', possible loss of data
C:\Users\eoini\source\repos\Project8\Project8\Pacman.cpp(69,21): warning C4244: 'argument': conversion from 'int' to 'float', possible loss of data
C:\Users\eoini\source\repos\Project8\Project8\Pacman.cpp(70,18): warning C4244: 'argument': conversion from 'int' to 'float', possible loss of data
C:\Users\eoini\source\repos\Project8\Project8\Pacman.cpp(168,24): warning C4305: 'argument': truncation from 'double' to 'float'
C:\Users\eoini\source\repos\Project8\Project8\Pacman.cpp(173,24): warning C4305: 'argument': truncation from 'double' to 'float'
SOIL.lib(SOIL.obj) : warning LNK4075: ignoring '/EDITANDCONTINUE' due to '/OPT:ICF' specification
LINK : warning LNK4098: defaultlib 'MSVCRTD' conflicts with use of other libs; use /NODEFAULTLIB:library
  Generating code
  0 of 2255 functions ( 0.0%) were compiled, the rest were copied from previous compilation.
    0 functions were new in current compilation
    0 functions had inline decision re-evaluated but remain unchanged
  Finished generating code
SOIL.lib(image_DXT.obj) : warning LNK4099: PDB '' was not found with 'SOIL.lib(image_DXT.obj)' or at ''; linking object as if no debug info
SOIL.lib(image_helper.obj) : warning LNK4099: PDB '' was not found with 'SOIL.lib(image_helper.obj)' or at ''; linking object as if no debug info
SOIL.lib(SOIL.obj) : warning LNK4099: PDB '' was not found with 'SOIL.lib(SOIL.obj)' or at ''; linking object as if no debug info
SOIL.lib(stb_image_aug.obj) : warning LNK4099: PDB '' was not found with 'SOIL.lib(stb_image_aug.obj)' or at ''; linking object as if no debug info
  Project8.vcxproj -> C:\Users\eoini\source\repos\Project8\Release\Project8.exe
